1520685728331	geckodriver	INFO	geckodriver 0.19.1
1520685728347	geckodriver	INFO	Listening on 127.0.0.1:56161
1520685730398	mozrunner::runner	INFO	Running command: "C:\\Program Files\\Mozilla Firefox\\firefox.exe" "-marionette" "-profile" "C:\\Users\\ADMINI~1\\AppData\\Local\\Temp\\rust_mozprofile.WJb0AFEOc4QG"
1520685731670	Marionette	INFO	Enabled via --marionette
Unable to read VR Path Registry from C:\Users\Administrator\AppData\Local\openvr\openvrpaths.vrpath
[Parent 3620, Gecko_IOThread] WARNING: pipe error: 109: file z:/build/build/src/ipc/chromium/src/chrome/common/ipc_channel_win.cc, line 346
Unable to read VR Path Registry from C:\Users\Administrator\AppData\Local\openvr\openvrpaths.vrpath
[Child 9780, Chrome_ChildThread] WARNING: pipe error: 109: file z:/build/build/src/ipc/chromium/src/chrome/common/ipc_channel_win.cc, line 346
[Child 9780, Chrome_ChildThread] WARNING: pipe error: 109: file z:/build/build/src/ipc/chromium/src/chrome/common/ipc_channel_win.cc, line 346
1520685734242	Marionette	INFO	Listening on port 56169
1520685734597	Marionette	WARN	TLS certificate errors will be ignored for this session
1520685734643	Marionette	DEBUG	Register listener.js for window 4294967297
1520685734914	Marionette	DEBUG	Received DOM event "beforeunload" for "about:blank"
1520685736475	Marionette	DEBUG	Received DOM event "pagehide" for "about:blank"
1520685736475	Marionette	DEBUG	Received DOM event "unload" for "about:blank"
1520685738961	Marionette	DEBUG	Received DOM event "DOMContentLoaded" for "https://www.huxiu.com/"
[Parent 3620, Gecko_IOThread] WARNING: pipe error: 109: file z:/build/build/src/ipc/chromium/src/chrome/common/ipc_channel_win.cc, line 346
Unable to read VR Path Registry from C:\Users\Administrator\AppData\Local\openvr\openvrpaths.vrpath
[Child 5780, Chrome_ChildThread] WARNING: pipe error: 109: file z:/build/build/src/ipc/chromium/src/chrome/common/ipc_channel_win.cc, line 346
[Child 5780, Chrome_ChildThread] WARNING: pipe error: 109: file z:/build/build/src/ipc/chromium/src/chrome/common/ipc_channel_win.cc, line 346
Unable to read VR Path Registry from C:\Users\Administrator\AppData\Local\openvr\openvrpaths.vrpath
[Child 4200, Chrome_ChildThread] WARNING: pipe error: 109: file z:/build/build/src/ipc/chromium/src/chrome/common/ipc_channel_win.cc, line 346
[Child 4200, Chrome_ChildThread] WARNING: pipe error: 109: file z:/build/build/src/ipc/chromium/src/chrome/common/ipc_channel_win.cc, line 346
*** UTM:SVC TimerManager:registerTimer called after profile-before-change notification. Ignoring timer registration for id: telemetry_modules_ping
Unable to read VR Path Registry from C:\Users\Administrator\AppData\Local\openvr\openvrpaths.vrpath
[GPU 16616, Chrome_ChildThread] WARNING: pipe error: 109: file z:/build/build/src/ipc/chromium/src/chrome/common/ipc_channel_win.cc, line 346

###!!! [Child][MessageChannel::SendAndWait] Error: Channel error: cannot send/recv

1520685771923	geckodriver	INFO	geckodriver 0.19.1
1520685771938	geckodriver	INFO	Listening on 127.0.0.1:56281
1520685773984	mozrunner::runner	INFO	Running command: "C:\\Program Files\\Mozilla Firefox\\firefox.exe" "-marionette" "-profile" "C:\\Users\\ADMINI~1\\AppData\\Local\\Temp\\rust_mozprofile.WalZA4y5aoFJ"
1520685774999	Marionette	INFO	Enabled via --marionette
Unable to read VR Path Registry from C:\Users\Administrator\AppData\Local\openvr\openvrpaths.vrpath
[Child 6636, Chrome_ChildThread] WARNING: pipe error: 109: file z:/build/build/src/ipc/chromium/src/chrome/common/ipc_channel_win.cc, line 346
1520685776552	Marionette	INFO	Listening on port 56287
1520685777139	Marionette	WARN	TLS certificate errors will be ignored for this session
1520685777209	Marionette	DEBUG	Register listener.js for window 4294967297
1520685777262	Marionette	DEBUG	Received DOM event "beforeunload" for "about:blank"
1520685778242	Marionette	DEBUG	Received DOM event "pagehide" for "about:blank"
1520685778242	Marionette	DEBUG	Received DOM event "unload" for "about:blank"
1520685779788	Marionette	DEBUG	Received DOM event "DOMContentLoaded" for "https://www.huxiu.com/"
1520685784492	Marionette	DEBUG	Received DOM event "pageshow" for "https://www.huxiu.com/"
1520685784848	Marionette	DEBUG	Canceled page load listener because no navigation has been detected
Unable to read VR Path Registry from C:\Users\Administrator\AppData\Local\openvr\openvrpaths.vrpath
JavaScript warning: https://static.geetest.com/static/js/geetest.6.0.9.js, line 1: unreachable code after return statement
JavaScript warning: https://static.geetest.com/static/js/geetest.6.0.9.js, line 1: unreachable code after return statement
JavaScript warning: https://static.geetest.com/static/js/geetest.6.0.9.js, line 1: unreachable code after return statement
JavaScript warning: https://static.geetest.com/static/js/geetest.6.0.9.js, line 1: unreachable code after return statement
JavaScript warning: https://static.geetest.com/static/js/geetest.6.0.9.js, line 1: unreachable code after return statement
JavaScript warning: https://static.geetest.com/static/js/geetest.6.0.9.js, line 1: unreachable code after return statement
JavaScript warning: https://static.geetest.com/static/js/geetest.6.0.9.js, line 1: unreachable code after return statement
JavaScript warning: https://static.geetest.com/static/js/geetest.6.0.9.js, line 1: unreachable code after return statement
JavaScript warning: https://static.geetest.com/static/js/geetest.6.0.9.js, line 1: unreachable code after return statement
JavaScript warning: https://static.geetest.com/static/js/geetest.6.0.9.js, line 1: unreachable code after return statement
JavaScript warning: https://static.geetest.com/static/js/geetest.6.0.9.js, line 1: unreachable code after return statement
JavaScript warning: https://static.geetest.com/static/js/geetest.6.0.9.js, line 1: unreachable code after return statement
JavaScript warning: https://static.geetest.com/static/js/geetest.6.0.9.js, line 1: unreachable code after return statement
JavaScript warning: https://static.geetest.com/static/js/geetest.6.0.9.js, line 1: unreachable code after return statement
JavaScript warning: https://static.geetest.com/static/js/geetest.6.0.9.js, line 1: unreachable code after return statement
JavaScript warning: https://static.geetest.com/static/js/geetest.6.0.9.js, line 1: unreachable code after return statement
JavaScript warning: https://static.geetest.com/static/js/geetest.6.0.9.js, line 1: unreachable code after return statement
JavaScript warning: https://static.geetest.com/static/js/geetest.6.0.9.js, line 1: unreachable code after return statement
JavaScript warning: https://static.geetest.com/static/js/geetest.6.0.9.js, line 1: unreachable code after return statement
JavaScript warning: https://static.geetest.com/static/js/geetest.6.0.9.js, line 1: unreachable code after return statement
JavaScript warning: https://static.geetest.com/static/js/geetest.6.0.9.js, line 1: unreachable code after return statement
JavaScript warning: https://static.geetest.com/static/js/geetest.6.0.9.js, line 1: unreachable code after return statement
JavaScript warning: https://static.geetest.com/static/js/geetest.6.0.9.js, line 1: unreachable code after return statement
JavaScript warning: https://static.geetest.com/static/js/geetest.6.0.9.js, line 1: unreachable code after return statement
JavaScript warning: https://static.geetest.com/static/js/geetest.6.0.9.js, line 1: unreachable code after return statement
JavaScript warning: https://static.geetest.com/static/js/geetest.6.0.9.js, line 1: unreachable code after return statement
JavaScript warning: https://static.geetest.com/static/js/geetest.6.0.9.js, line 1: unreachable code after return statement
JavaScript warning: https://static.geetest.com/static/js/geetest.6.0.9.js, line 1: unreachable code after return statement
JavaScript warning: https://static.geetest.com/static/js/geetest.6.0.9.js, line 1: unreachable code after return statement
JavaScript warning: https://static.geetest.com/static/js/geetest.6.0.9.js, line 1: unreachable code after return statement
JavaScript warning: https://static.geetest.com/static/js/geetest.6.0.9.js, line 1: unreachable code after return statement
JavaScript warning: https://static.geetest.com/static/js/geetest.6.0.9.js, line 1: unreachable code after return statement
JavaScript warning: https://static.geetest.com/static/js/geetest.6.0.9.js, line 1: unreachable code after return statement
JavaScript warning: https://static.geetest.com/static/js/geetest.6.0.9.js, line 1: unreachable code after return statement
JavaScript warning: https://static.geetest.com/static/js/geetest.6.0.9.js, line 1: unreachable code after return statement
JavaScript warning: https://static.geetest.com/static/js/geetest.6.0.9.js, line 1: unreachable code after return statement
JavaScript warning: https://static.geetest.com/static/js/geetest.6.0.9.js, line 1: unreachable code after return statement
JavaScript warning: https://static.geetest.com/static/js/geetest.6.0.9.js, line 1: unreachable code after return statement
JavaScript warning: https://static.geetest.com/static/js/geetest.6.0.9.js, line 1: unreachable code after return statement
JavaScript warning: https://static.geetest.com/static/js/geetest.6.0.9.js, line 1: unreachable code after return statement
JavaScript warning: https://static.geetest.com/static/js/geetest.6.0.9.js, line 1: unreachable code after return statement
JavaScript warning: https://static.geetest.com/static/js/geetest.6.0.9.js, line 1: unreachable code after return statement
JavaScript warning: https://static.geetest.com/static/js/geetest.6.0.9.js, line 1: unreachable code after return statement
JavaScript warning: https://static.geetest.com/static/js/geetest.6.0.9.js, line 1: unreachable code after return statement
JavaScript warning: https://static.geetest.com/static/js/geetest.6.0.9.js, line 1: unreachable code after return statement
JavaScript warning: https://static.geetest.com/static/js/geetest.6.0.9.js, line 1: unreachable code after return statement
JavaScript warning: https://static.geetest.com/static/js/geetest.6.0.9.js, line 1: unreachable code after return statement
JavaScript warning: https://static.geetest.com/static/js/geetest.6.0.9.js, line 1: unreachable code after return statement
JavaScript warning: https://static.geetest.com/static/js/geetest.6.0.9.js, line 1: unreachable code after return statement
JavaScript warning: https://static.geetest.com/static/js/geetest.6.0.9.js, line 1: unreachable code after return statement
JavaScript warning: https://static.geetest.com/static/js/geetest.6.0.9.js, line 1: unreachable code after return statement
JavaScript warning: https://static.geetest.com/static/js/geetest.6.0.9.js, line 1: unreachable code after return statement
JavaScript warning: https://static.geetest.com/static/js/geetest.6.0.9.js, line 1: unreachable code after return statement
JavaScript warning: https://static.geetest.com/static/js/geetest.6.0.9.js, line 1: unreachable code after return statement
JavaScript warning: https://static.geetest.com/static/js/geetest.6.0.9.js, line 1: unreachable code after return statement
JavaScript warning: https://static.geetest.com/static/js/geetest.6.0.9.js, line 1: unreachable code after return statement
JavaScript warning: https://static.geetest.com/static/js/geetest.6.0.9.js, line 1: unreachable code after return statement
JavaScript warning: https://static.geetest.com/static/js/geetest.6.0.9.js, line 1: unreachable code after return statement
JavaScript warning: https://static.geetest.com/static/js/geetest.6.0.9.js, line 1: unreachable code after return statement
JavaScript warning: https://static.geetest.com/static/js/geetest.6.0.9.js, line 1: unreachable code after return statement
JavaScript warning: https://static.geetest.com/static/js/geetest.6.0.9.js, line 1: unreachable code after return statement
JavaScript warning: https://static.geetest.com/static/js/geetest.6.0.9.js, line 1: unreachable code after return statement
JavaScript warning: https://static.geetest.com/static/js/geetest.6.0.9.js, line 1: unreachable code after return statement
JavaScript warning: https://static.geetest.com/static/js/geetest.6.0.9.js, line 1: unreachable code after return statement
JavaScript warning: https://static.geetest.com/static/js/geetest.6.0.9.js, line 1: unreachable code after return statement
JavaScript warning: https://static.geetest.com/static/js/geetest.6.0.9.js, line 1: unreachable code after return statement
JavaScript warning: https://static.geetest.com/static/js/geetest.6.0.9.js, line 1: unreachable code after return statement
JavaScript warning: https://static.geetest.com/static/js/geetest.6.0.9.js, line 1: unreachable code after return statement
JavaScript warning: https://static.geetest.com/static/js/geetest.6.0.9.js, line 1: unreachable code after return statement
JavaScript warning: https://static.geetest.com/static/js/geetest.6.0.9.js, line 1: unreachable code after return statement
JavaScript warning: https://static.geetest.com/static/js/geetest.6.0.9.js, line 1: unreachable code after return statement
JavaScript warning: https://static.geetest.com/static/js/geetest.6.0.9.js, line 1: unreachable code after return statement
JavaScript warning: https://static.geetest.com/static/js/geetest.6.0.9.js, line 1: unreachable code after return statement
JavaScript warning: https://static.geetest.com/static/js/geetest.6.0.9.js, line 1: unreachable code after return statement
JavaScript warning: https://static.geetest.com/static/js/geetest.6.0.9.js, line 1: unreachable code after return statement
JavaScript warning: https://static.geetest.com/static/js/geetest.6.0.9.js, line 1: unreachable code after return statement
JavaScript warning: https://static.geetest.com/static/js/geetest.6.0.9.js, line 1: unreachable code after return statement
JavaScript warning: https://static.geetest.com/static/js/geetest.6.0.9.js, line 1: unreachable code after return statement
JavaScript warning: https://static.geetest.com/static/js/geetest.6.0.9.js, line 1: unreachable code after return statement
JavaScript warning: https://static.geetest.com/static/js/geetest.6.0.9.js, line 1: unreachable code after return statement
JavaScript warning: https://static.geetest.com/static/js/geetest.6.0.9.js, line 1: unreachable code after return statement
JavaScript warning: https://static.geetest.com/static/js/geetest.6.0.9.js, line 1: unreachable code after return statement
JavaScript warning: https://static.geetest.com/static/js/geetest.6.0.9.js, line 1: unreachable code after return statement
JavaScript warning: https://static.geetest.com/static/js/geetest.6.0.9.js, line 1: unreachable code after return statement
JavaScript warning: https://static.geetest.com/static/js/geetest.6.0.9.js, line 1: unreachable code after return statement
JavaScript warning: https://static.geetest.com/static/js/geetest.6.0.9.js, line 1: unreachable code after return statement
JavaScript warning: https://static.geetest.com/static/js/geetest.6.0.9.js, line 1: unreachable code after return statement
JavaScript warning: https://static.geetest.com/static/js/geetest.6.0.9.js, line 1: unreachable code after return statement
JavaScript warning: https://static.geetest.com/static/js/geetest.6.0.9.js, line 1: unreachable code after return statement
JavaScript warning: https://static.geetest.com/static/js/geetest.6.0.9.js, line 1: unreachable code after return statement
JavaScript warning: https://static.geetest.com/static/js/geetest.6.0.9.js, line 1: unreachable code after return statement
JavaScript warning: https://static.geetest.com/static/js/geetest.6.0.9.js, line 1: unreachable code after return statement
JavaScript warning: https://static.geetest.com/static/js/geetest.6.0.9.js, line 1: unreachable code after return statement
JavaScript warning: https://static.geetest.com/static/js/geetest.6.0.9.js, line 1: unreachable code after return statement
JavaScript warning: https://static.geetest.com/static/js/geetest.6.0.9.js, line 1: unreachable code after return statement
JavaScript warning: https://static.geetest.com/static/js/geetest.6.0.9.js, line 1: unreachable code after return statement
JavaScript warning: https://static.geetest.com/static/js/geetest.6.0.9.js, line 1: unreachable code after return statement
JavaScript warning: https://static.geetest.com/static/js/geetest.6.0.9.js, line 1: unreachable code after return statement
JavaScript warning: https://static.geetest.com/static/js/geetest.6.0.9.js, line 1: unreachable code after return statement
JavaScript warning: https://static.geetest.com/static/js/geetest.6.0.9.js, line 1: unreachable code after return statement
JavaScript warning: https://static.geetest.com/static/js/geetest.6.0.9.js, line 1: unreachable code after return statement
JavaScript warning: https://static.geetest.com/static/js/geetest.6.0.9.js, line 1: unreachable code after return statement
JavaScript warning: https://static.geetest.com/static/js/geetest.6.0.9.js, line 1: unreachable code after return statement
JavaScript warning: https://static.geetest.com/static/js/geetest.6.0.9.js, line 1: unreachable code after return statement
JavaScript warning: https://static.geetest.com/static/js/geetest.6.0.9.js, line 1: unreachable code after return statement
JavaScript warning: https://static.geetest.com/static/js/geetest.6.0.9.js, line 1: unreachable code after return statement
JavaScript warning: https://static.geetest.com/static/js/geetest.6.0.9.js, line 1: unreachable code after return statement
JavaScript warning: https://static.geetest.com/static/js/geetest.6.0.9.js, line 1: unreachable code after return statement
JavaScript warning: https://static.geetest.com/static/js/geetest.6.0.9.js, line 1: unreachable code after return statement
JavaScript warning: https://static.geetest.com/static/js/geetest.6.0.9.js, line 1: unreachable code after return statement
JavaScript warning: https://static.geetest.com/static/js/geetest.6.0.9.js, line 1: unreachable code after return statement
JavaScript warning: https://static.geetest.com/static/js/geetest.6.0.9.js, line 1: unreachable code after return statement
JavaScript warning: https://static.geetest.com/static/js/geetest.6.0.9.js, line 1: unreachable code after return statement
JavaScript warning: https://static.geetest.com/static/js/geetest.6.0.9.js, line 1: unreachable code after return statement
JavaScript warning: https://static.geetest.com/static/js/geetest.6.0.9.js, line 1: unreachable code after return statement
JavaScript warning: https://static.geetest.com/static/js/geetest.6.0.9.js, line 1: unreachable code after return statement
JavaScript warning: https://static.geetest.com/static/js/geetest.6.0.9.js, line 1: unreachable code after return statement
JavaScript warning: https://static.geetest.com/static/js/geetest.6.0.9.js, line 1: unreachable code after return statement
JavaScript warning: https://static.geetest.com/static/js/geetest.6.0.9.js, line 1: unreachable code after return statement
JavaScript warning: https://static.geetest.com/static/js/geetest.6.0.9.js, line 1: unreachable code after return statement
JavaScript warning: https://static.geetest.com/static/js/geetest.6.0.9.js, line 1: unreachable code after return statement
JavaScript warning: https://static.geetest.com/static/js/geetest.6.0.9.js, line 1: unreachable code after return statement
JavaScript warning: https://static.geetest.com/static/js/geetest.6.0.9.js, line 1: unreachable code after return statement
JavaScript warning: https://static.geetest.com/static/js/geetest.6.0.9.js, line 1: unreachable code after return statement
JavaScript warning: https://static.geetest.com/static/js/geetest.6.0.9.js, line 1: unreachable code after return statement
JavaScript warning: https://static.geetest.com/static/js/geetest.6.0.9.js, line 1: unreachable code after return statement
JavaScript warning: https://static.geetest.com/static/js/geetest.6.0.9.js, line 1: unreachable code after return statement
JavaScript warning: https://static.geetest.com/static/js/geetest.6.0.9.js, line 1: unreachable code after return statement
JavaScript warning: https://static.geetest.com/static/js/geetest.6.0.9.js, line 1: unreachable code after return statement
JavaScript warning: https://static.geetest.com/static/js/geetest.6.0.9.js, line 1: unreachable code after return statement
JavaScript warning: https://static.geetest.com/static/js/geetest.6.0.9.js, line 1: unreachable code after return statement
JavaScript warning: https://static.geetest.com/static/js/geetest.6.0.9.js, line 1: unreachable code after return statement
JavaScript warning: https://static.geetest.com/static/js/geetest.6.0.9.js, line 1: unreachable code after return statement
JavaScript warning: https://static.geetest.com/static/js/geetest.6.0.9.js, line 1: unreachable code after return statement
JavaScript warning: https://static.geetest.com/static/js/geetest.6.0.9.js, line 1: unreachable code after return statement
JavaScript warning: https://static.geetest.com/static/js/geetest.6.0.9.js, line 1: unreachable code after return statement
JavaScript warning: https://static.geetest.com/static/js/geetest.6.0.9.js, line 1: unreachable code after return statement
JavaScript warning: https://static.geetest.com/static/js/geetest.6.0.9.js, line 1: unreachable code after return statement
JavaScript warning: https://static.geetest.com/static/js/geetest.6.0.9.js, line 1: unreachable code after return statement
JavaScript warning: https://static.geetest.com/static/js/geetest.6.0.9.js, line 1: unreachable code after return statement
JavaScript warning: https://static.geetest.com/static/js/geetest.6.0.9.js, line 1: unreachable code after return statement
JavaScript warning: https://static.geetest.com/static/js/geetest.6.0.9.js, line 1: unreachable code after return statement
JavaScript warning: https://static.geetest.com/static/js/geetest.6.0.9.js, line 1: unreachable code after return statement
JavaScript warning: https://static.geetest.com/static/js/geetest.6.0.9.js, line 1: unreachable code after return statement
JavaScript warning: https://static.geetest.com/static/js/geetest.6.0.9.js, line 1: unreachable code after return statement
JavaScript warning: https://static.geetest.com/static/js/geetest.6.0.9.js, line 1: unreachable code after return statement
JavaScript warning: https://static.geetest.com/static/js/geetest.6.0.9.js, line 1: unreachable code after return statement
JavaScript warning: https://static.geetest.com/static/js/geetest.6.0.9.js, line 1: unreachable code after return statement
JavaScript warning: https://static.geetest.com/static/js/geetest.6.0.9.js, line 1: unreachable code after return statement
JavaScript warning: https://static.geetest.com/static/js/geetest.6.0.9.js, line 1: unreachable code after return statement
JavaScript warning: https://static.geetest.com/static/js/geetest.6.0.9.js, line 1: unreachable code after return statement
JavaScript warning: https://static.geetest.com/static/js/geetest.6.0.9.js, line 1: unreachable code after return statement
JavaScript warning: https://static.geetest.com/static/js/geetest.6.0.9.js, line 1: unreachable code after return statement
JavaScript warning: https://static.geetest.com/static/js/geetest.6.0.9.js, line 1: unreachable code after return statement
JavaScript warning: https://static.geetest.com/static/js/geetest.6.0.9.js, line 1: unreachable code after return statement
JavaScript warning: https://static.geetest.com/static/js/geetest.6.0.9.js, line 1: unreachable code after return statement
JavaScript warning: https://static.geetest.com/static/js/geetest.6.0.9.js, line 1: unreachable code after return statement
JavaScript warning: https://static.geetest.com/static/js/geetest.6.0.9.js, line 1: unreachable code after return statement
JavaScript warning: https://static.geetest.com/static/js/geetest.6.0.9.js, line 1: unreachable code after return statement
JavaScript warning: https://static.geetest.com/static/js/geetest.6.0.9.js, line 1: unreachable code after return statement
JavaScript warning: https://static.geetest.com/static/js/geetest.6.0.9.js, line 1: unreachable code after return statement
JavaScript warning: https://static.geetest.com/static/js/geetest.6.0.9.js, line 1: unreachable code after return statement
JavaScript warning: https://static.geetest.com/static/js/geetest.6.0.9.js, line 1: unreachable code after return statement
JavaScript warning: https://static.geetest.com/static/js/geetest.6.0.9.js, line 1: unreachable code after return statement
JavaScript warning: https://static.geetest.com/static/js/geetest.6.0.9.js, line 1: unreachable code after return statement
JavaScript warning: https://static.geetest.com/static/js/geetest.6.0.9.js, line 1: unreachable code after return statement
JavaScript warning: https://static.geetest.com/static/js/geetest.6.0.9.js, line 1: unreachable code after return statement
JavaScript warning: https://static.geetest.com/static/js/geetest.6.0.9.js, line 1: unreachable code after return statement
JavaScript warning: https://static.geetest.com/static/js/geetest.6.0.9.js, line 1: unreachable code after return statement
JavaScript warning: https://static.geetest.com/static/js/geetest.6.0.9.js, line 1: unreachable code after return statement
JavaScript warning: https://static.geetest.com/static/js/geetest.6.0.9.js, line 1: unreachable code after return statement
JavaScript warning: https://static.geetest.com/static/js/geetest.6.0.9.js, line 1: unreachable code after return statement
JavaScript warning: https://static.geetest.com/static/js/geetest.6.0.9.js, line 1: unreachable code after return statement
JavaScript warning: https://static.geetest.com/static/js/geetest.6.0.9.js, line 1: unreachable code after return statement
JavaScript warning: https://static.geetest.com/static/js/geetest.6.0.9.js, line 1: unreachable code after return statement
JavaScript warning: https://static.geetest.com/static/js/geetest.6.0.9.js, line 1: unreachable code after return statement
JavaScript warning: https://static.geetest.com/static/js/geetest.6.0.9.js, line 1: unreachable code after return statement
JavaScript warning: https://static.geetest.com/static/js/geetest.6.0.9.js, line 1: unreachable code after return statement
JavaScript warning: https://static.geetest.com/static/js/geetest.6.0.9.js, line 1: unreachable code after return statement
JavaScript warning: https://static.geetest.com/static/js/geetest.6.0.9.js, line 1: unreachable code after return statement
JavaScript warning: https://static.geetest.com/static/js/geetest.6.0.9.js, line 1: unreachable code after return statement
JavaScript warning: https://static.geetest.com/static/js/geetest.6.0.9.js, line 1: unreachable code after return statement
JavaScript warning: https://static.geetest.com/static/js/geetest.6.0.9.js, line 1: unreachable code after return statement
JavaScript warning: https://static.geetest.com/static/js/geetest.6.0.9.js, line 1: unreachable code after return statement
JavaScript warning: https://static.geetest.com/static/js/geetest.6.0.9.js, line 1: unreachable code after return statement
JavaScript warning: https://static.geetest.com/static/js/geetest.6.0.9.js, line 1: unreachable code after return statement
JavaScript warning: https://static.geetest.com/static/js/geetest.6.0.9.js, line 1: unreachable code after return statement
JavaScript warning: https://static.geetest.com/static/js/geetest.6.0.9.js, line 1: unreachable code after return statement
JavaScript warning: https://static.geetest.com/static/js/geetest.6.0.9.js, line 1: unreachable code after return statement
JavaScript warning: https://static.geetest.com/static/js/geetest.6.0.9.js, line 1: unreachable code after return statement
JavaScript warning: https://static.geetest.com/static/js/geetest.6.0.9.js, line 1: unreachable code after return statement
JavaScript warning: https://static.geetest.com/static/js/geetest.6.0.9.js, line 1: unreachable code after return statement
JavaScript warning: https://static.geetest.com/static/js/geetest.6.0.9.js, line 1: unreachable code after return statement
JavaScript warning: https://static.geetest.com/static/js/geetest.6.0.9.js, line 1: unreachable code after return statement
JavaScript warning: https://static.geetest.com/static/js/geetest.6.0.9.js, line 1: unreachable code after return statement
JavaScript warning: https://static.geetest.com/static/js/geetest.6.0.9.js, line 1: unreachable code after return statement
JavaScript warning: https://static.geetest.com/static/js/geetest.6.0.9.js, line 1: unreachable code after return statement
JavaScript warning: https://static.geetest.com/static/js/geetest.6.0.9.js, line 1: unreachable code after return statement
JavaScript warning: https://static.geetest.com/static/js/geetest.6.0.9.js, line 1: unreachable code after return statement
JavaScript warning: https://static.geetest.com/static/js/geetest.6.0.9.js, line 1: unreachable code after return statement
JavaScript warning: https://static.geetest.com/static/js/geetest.6.0.9.js, line 1: unreachable code after return statement
JavaScript warning: https://static.geetest.com/static/js/geetest.6.0.9.js, line 1: unreachable code after return statement
JavaScript warning: https://static.geetest.com/static/js/geetest.6.0.9.js, line 1: unreachable code after return statement
JavaScript warning: https://static.geetest.com/static/js/geetest.6.0.9.js, line 1: unreachable code after return statement
JavaScript warning: https://static.geetest.com/static/js/geetest.6.0.9.js, line 1: unreachable code after return statement
JavaScript warning: https://static.geetest.com/static/js/geetest.6.0.9.js, line 1: unreachable code after return statement
JavaScript warning: https://static.geetest.com/static/js/geetest.6.0.9.js, line 1: unreachable code after return statement
JavaScript warning: https://static.geetest.com/static/js/geetest.6.0.9.js, line 1: unreachable code after return statement
JavaScript warning: https://static.geetest.com/static/js/geetest.6.0.9.js, line 1: unreachable code after return statement
JavaScript warning: https://static.geetest.com/static/js/geetest.6.0.9.js, line 1: unreachable code after return statement
JavaScript warning: https://static.geetest.com/static/js/geetest.6.0.9.js, line 1: unreachable code after return statement
JavaScript warning: https://static.geetest.com/static/js/geetest.6.0.9.js, line 1: unreachable code after return statement
JavaScript warning: https://static.geetest.com/static/js/geetest.6.0.9.js, line 1: unreachable code after return statement
JavaScript warning: https://static.geetest.com/static/js/geetest.6.0.9.js, line 1: unreachable code after return statement
JavaScript warning: https://static.geetest.com/static/js/geetest.6.0.9.js, line 1: unreachable code after return statement
JavaScript warning: https://static.geetest.com/static/js/geetest.6.0.9.js, line 1: unreachable code after return statement
JavaScript warning: https://static.geetest.com/static/js/geetest.6.0.9.js, line 1: unreachable code after return statement
JavaScript warning: https://static.geetest.com/static/js/geetest.6.0.9.js, line 1: unreachable code after return statement
JavaScript warning: https://static.geetest.com/static/js/geetest.6.0.9.js, line 1: unreachable code after return statement
JavaScript warning: https://static.geetest.com/static/js/geetest.6.0.9.js, line 1: unreachable code after return statement
JavaScript warning: https://static.geetest.com/static/js/geetest.6.0.9.js, line 1: unreachable code after return statement
JavaScript warning: https://static.geetest.com/static/js/geetest.6.0.9.js, line 1: unreachable code after return statement
JavaScript warning: https://static.geetest.com/static/js/geetest.6.0.9.js, line 1: unreachable code after return statement
JavaScript warning: https://static.geetest.com/static/js/geetest.6.0.9.js, line 1: unreachable code after return statement
JavaScript warning: https://static.geetest.com/static/js/geetest.6.0.9.js, line 1: unreachable code after return statement
JavaScript warning: https://static.geetest.com/static/js/geetest.6.0.9.js, line 1: unreachable code after return statement
JavaScript warning: https://static.geetest.com/static/js/geetest.6.0.9.js, line 1: unreachable code after return statement
JavaScript warning: https://static.geetest.com/static/js/geetest.6.0.9.js, line 1: unreachable code after return statement
JavaScript warning: https://static.geetest.com/static/js/geetest.6.0.9.js, line 1: unreachable code after return statement
JavaScript warning: https://static.geetest.com/static/js/geetest.6.0.9.js, line 1: unreachable code after return statement
JavaScript warning: https://static.geetest.com/static/js/geetest.6.0.9.js, line 1: unreachable code after return statement
JavaScript warning: https://static.geetest.com/static/js/geetest.6.0.9.js, line 1: unreachable code after return statement
JavaScript warning: https://static.geetest.com/static/js/geetest.6.0.9.js, line 1: unreachable code after return statement
JavaScript warning: https://static.geetest.com/static/js/geetest.6.0.9.js, line 1: unreachable code after return statement
JavaScript warning: https://static.geetest.com/static/js/geetest.6.0.9.js, line 1: unreachable code after return statement
JavaScript warning: https://static.geetest.com/static/js/geetest.6.0.9.js, line 1: unreachable code after return statement
JavaScript warning: https://static.geetest.com/static/js/geetest.6.0.9.js, line 1: unreachable code after return statement
JavaScript warning: https://static.geetest.com/static/js/geetest.6.0.9.js, line 1: unreachable code after return statement
JavaScript warning: https://static.geetest.com/static/js/geetest.6.0.9.js, line 1: unreachable code after return statement
JavaScript warning: https://static.geetest.com/static/js/geetest.6.0.9.js, line 1: unreachable code after return statement
JavaScript warning: https://static.geetest.com/static/js/geetest.6.0.9.js, line 1: unreachable code after return statement
JavaScript warning: https://static.geetest.com/static/js/geetest.6.0.9.js, line 1: unreachable code after return statement
JavaScript warning: https://static.geetest.com/static/js/geetest.6.0.9.js, line 1: unreachable code after return statement
JavaScript warning: https://static.geetest.com/static/js/geetest.6.0.9.js, line 1: unreachable code after return statement
JavaScript warning: https://static.geetest.com/static/js/geetest.6.0.9.js, line 1: unreachable code after return statement
JavaScript warning: https://static.geetest.com/static/js/geetest.6.0.9.js, line 1: unreachable code after return statement
JavaScript warning: https://static.geetest.com/static/js/geetest.6.0.9.js, line 1: unreachable code after return statement
JavaScript warning: https://static.geetest.com/static/js/geetest.6.0.9.js, line 1: unreachable code after return statement
JavaScript warning: https://static.geetest.com/static/js/geetest.6.0.9.js, line 1: unreachable code after return statement
JavaScript warning: https://static.geetest.com/static/js/geetest.6.0.9.js, line 1: unreachable code after return statement
JavaScript warning: https://static.geetest.com/static/js/geetest.6.0.9.js, line 1: unreachable code after return statement
JavaScript warning: https://static.geetest.com/static/js/geetest.6.0.9.js, line 1: unreachable code after return statement
JavaScript warning: https://static.geetest.com/static/js/geetest.6.0.9.js, line 1: unreachable code after return statement
JavaScript warning: https://static.geetest.com/static/js/geetest.6.0.9.js, line 1: unreachable code after return statement
JavaScript warning: https://static.geetest.com/static/js/geetest.6.0.9.js, line 1: unreachable code after return statement
JavaScript warning: https://static.geetest.com/static/js/geetest.6.0.9.js, line 1: unreachable code after return statement
JavaScript warning: https://static.geetest.com/static/js/geetest.6.0.9.js, line 1: unreachable code after return statement
JavaScript warning: https://static.geetest.com/static/js/geetest.6.0.9.js, line 1: unreachable code after return statement
JavaScript warning: https://static.geetest.com/static/js/geetest.6.0.9.js, line 1: unreachable code after return statement
JavaScript warning: https://static.geetest.com/static/js/geetest.6.0.9.js, line 1: unreachable code after return statement
JavaScript warning: https://static.geetest.com/static/js/geetest.6.0.9.js, line 1: unreachable code after return statement
JavaScript warning: https://static.geetest.com/static/js/geetest.6.0.9.js, line 1: unreachable code after return statement
JavaScript warning: https://static.geetest.com/static/js/geetest.6.0.9.js, line 1: unreachable code after return statement
JavaScript warning: https://static.geetest.com/static/js/geetest.6.0.9.js, line 1: unreachable code after return statement
JavaScript warning: https://static.geetest.com/static/js/geetest.6.0.9.js, line 1: unreachable code after return statement
JavaScript warning: https://static.geetest.com/static/js/geetest.6.0.9.js, line 1: unreachable code after return statement
JavaScript warning: https://static.geetest.com/static/js/geetest.6.0.9.js, line 1: unreachable code after return statement
JavaScript warning: https://static.geetest.com/static/js/geetest.6.0.9.js, line 1: unreachable code after return statement
JavaScript warning: https://static.geetest.com/static/js/geetest.6.0.9.js, line 1: unreachable code after return statement
JavaScript warning: https://static.geetest.com/static/js/geetest.6.0.9.js, line 1: unreachable code after return statement
JavaScript warning: https://static.geetest.com/static/js/geetest.6.0.9.js, line 1: unreachable code after return statement
JavaScript warning: https://static.geetest.com/static/js/geetest.6.0.9.js, line 1: unreachable code after return statement
JavaScript warning: https://static.geetest.com/static/js/geetest.6.0.9.js, line 1: unreachable code after return statement
JavaScript warning: https://static.geetest.com/static/js/geetest.6.0.9.js, line 1: unreachable code after return statement
JavaScript warning: https://static.geetest.com/static/js/geetest.6.0.9.js, line 1: unreachable code after return statement
JavaScript warning: https://static.geetest.com/static/js/geetest.6.0.9.js, line 1: unreachable code after return statement
JavaScript warning: https://static.geetest.com/static/js/geetest.6.0.9.js, line 1: unreachable code after return statement
JavaScript warning: https://static.geetest.com/static/js/geetest.6.0.9.js, line 1: unreachable code after return statement
JavaScript warning: https://static.geetest.com/static/js/geetest.6.0.9.js, line 1: unreachable code after return statement
JavaScript warning: https://static.geetest.com/static/js/geetest.6.0.9.js, line 1: unreachable code after return statement
JavaScript warning: https://static.geetest.com/static/js/geetest.6.0.9.js, line 1: unreachable code after return statement
JavaScript warning: https://static.geetest.com/static/js/geetest.6.0.9.js, line 1: unreachable code after return statement
JavaScript warning: https://static.geetest.com/static/js/geetest.6.0.9.js, line 1: unreachable code after return statement
JavaScript warning: https://static.geetest.com/static/js/geetest.6.0.9.js, line 1: unreachable code after return statement
JavaScript warning: https://static.geetest.com/static/js/geetest.6.0.9.js, line 1: unreachable code after return statement
JavaScript warning: https://static.geetest.com/static/js/geetest.6.0.9.js, line 1: unreachable code after return statement
JavaScript warning: https://static.geetest.com/static/js/geetest.6.0.9.js, line 1: unreachable code after return statement
JavaScript warning: https://static.geetest.com/static/js/geetest.6.0.9.js, line 1: unreachable code after return statement
JavaScript warning: https://static.geetest.com/static/js/geetest.6.0.9.js, line 1: unreachable code after return statement
JavaScript warning: https://static.geetest.com/static/js/geetest.6.0.9.js, line 1: unreachable code after return statement
JavaScript warning: https://static.geetest.com/static/js/geetest.6.0.9.js, line 1: unreachable code after return statement
JavaScript warning: https://static.geetest.com/static/js/geetest.6.0.9.js, line 1: unreachable code after return statement
JavaScript warning: https://static.geetest.com/static/js/geetest.6.0.9.js, line 1: unreachable code after return statement
JavaScript warning: https://static.geetest.com/static/js/geetest.6.0.9.js, line 1: unreachable code after return statement
JavaScript warning: https://static.geetest.com/static/js/geetest.6.0.9.js, line 1: unreachable code after return statement
JavaScript warning: https://static.geetest.com/static/js/geetest.6.0.9.js, line 1: unreachable code after return statement
JavaScript warning: https://static.geetest.com/static/js/geetest.6.0.9.js, line 1: unreachable code after return statement
JavaScript warning: https://static.geetest.com/static/js/geetest.6.0.9.js, line 1: unreachable code after return statement
JavaScript warning: https://static.geetest.com/static/js/geetest.6.0.9.js, line 1: unreachable code after return statement
JavaScript warning: https://static.geetest.com/static/js/geetest.6.0.9.js, line 1: unreachable code after return statement
JavaScript warning: https://static.geetest.com/static/js/geetest.6.0.9.js, line 1: unreachable code after return statement
Unable to read VR Path Registry from C:\Users\Administrator\AppData\Local\openvr\openvrpaths.vrpath
[Parent 14860, Gecko_IOThread] WARNING: pipe error: 109: file z:/build/build/src/ipc/chromium/src/chrome/common/ipc_channel_win.cc, line 346

###!!! [Child][RunMessage] Error: Channel closing: too late to send/recv, messages will be lost

[Child 13596, Chrome_ChildThread] WARNING: pipe error: 109: file z:/build/build/src/ipc/chromium/src/chrome/common/ipc_channel_win.cc, line 346
[Parent 14860, Gecko_IOThread] WARNING: pipe error: 109: file z:/build/build/src/ipc/chromium/src/chrome/common/ipc_channel_win.cc, line 346
Unable to read VR Path Registry from C:\Users\Administrator\AppData\Local\openvr\openvrpaths.vrpath
[Child 12756, Chrome_ChildThread] WARNING: pipe error: 109: file z:/build/build/src/ipc/chromium/src/chrome/common/ipc_channel_win.cc, line 346
[Child 12756, Chrome_ChildThread] WARNING: pipe error: 109: file z:/build/build/src/ipc/chromium/src/chrome/common/ipc_channel_win.cc, line 346
*** UTM:SVC TimerManager:registerTimer called after profile-before-change notification. Ignoring timer registration for id: telemetry_modules_ping
Unable to read VR Path Registry from C:\Users\Administrator\AppData\Local\openvr\openvrpaths.vrpath
[GPU 16752, Chrome_ChildThread] WARNING: pipe error: 109: file z:/build/build/src/ipc/chromium/src/chrome/common/ipc_channel_win.cc, line 346

###!!! [Child][MessageChannel::SendAndWait] Error: Channel error: cannot send/recv

